<?xml version="1.0" encoding="UTF-8"?>
<beans xmlns="http://www.springframework.org/schema/beans"
       xmlns:xsi="http://www.w3.org/2001/XMLSchema-instance"
       xsi:schemaLocation="http://www.springframework.org/schema/beans http://www.springframework.org/schema/beans/spring-beans-2.5.xsd">

	<bean id="cacheFactory" class="com.griddynamics.coherence.integration.spring.ContextCacheFactory">
		<property name="scopeName" value="test" />
	</bean>
	
	<bean id="simpleDistributedCache" class="com.griddynamics.coherence.integration.spring.config.NamedCacheFactory" lazy-init="true">
		<property name="cacheDefinition" ref="simpleDistributed" />
	</bean>
		
	<bean id="simpleDistributed" class="com.griddynamics.coherence.integration.spring.config.CacheDefinition" autowire="byType">
		<property name="cacheScheme" ref="simpleDistributedScheme" />
	</bean>
		
	<bean id="simpleDistributedScheme" class="com.griddynamics.coherence.integration.spring.config.DistributedScheme">
		<property name="backingMapId">
			<idref local="localMap"/>
		</property>
	</bean>
	
	<bean id="localMap" class="com.tangosol.net.cache.LocalCache" scope="prototype">
		<property name="highUnits" value="1000" />
		<property name="evictionType" value="0" />
		<property name="expiryDelay" value="30000" />
		<property name="flushDelay" value="60000" />
	</bean>
		
</beans>
