<?xml version="1.0" encoding="UTF-8" standalone="yes"?>
<dictionary:dictionary version="1" xmlns:dictionary="http://medx.com/framework/dictionary">
	<typeDescriptors>
		<typeDescriptor id="6" version="1">
			<class>com.medx.framework.test.model.Customer</class>
		</typeDescriptor>
		
		<typeDescriptor id="7" version="1">
			<class>com.medx.framework.test.model.Order</class>
		</typeDescriptor>
		
		<typeDescriptor id="8" version="1">
			<class>com.medx.framework.test.model.OrderItem</class>
		</typeDescriptor>
	</typeDescriptors>
	
	<attributeDescriptors>
		<attributeDescriptor id="0" version="1">
			<name>testmodel.Customer.name</name>
			<class>java.lang.String</class>
		</attributeDescriptor>
		
		<attributeDescriptor id="1" version="1">
			<name>testmodel.Order.id</name>
			<class>java.lang.Integer</class>
		</attributeDescriptor>
		
		<attributeDescriptor id="2" version="1">
			<name>testmodel.OrderItem.title</name>
			<class>java.lang.String</class>
		</attributeDescriptor>
		
		<attributeDescriptor id="3" version="1">
			<name>testmodel.OrderItem.price</name>
			<class>java.lang.Double</class>
		</attributeDescriptor>
		
		<attributeDescriptor id="4" version="1">
			<name>testmodel.Order.customer</name>
			<class>com.medx.framework.test.model.Customer</class>
		</attributeDescriptor>
		
		<attributeDescriptor id="5" version="1">
			<name>testmodel.Order.items</name>
			<class>java.util.List&lt;com.medx.framework.test.model.OrderItem&gt;</class>
		</attributeDescriptor>
		
		<attributeDescriptor id="9" version="1">
			<name>testmodel.Customer.tags</name>
			<class>int[]</class>
		</attributeDescriptor>
		
		<attributeDescriptor id="10" version="1">
			<name>testmodel.Customer.titles</name>
			<class>java.lang.String[]</class>
		</attributeDescriptor>
	</attributeDescriptors>
</dictionary:dictionary>
