<?xml version="1.0" encoding="UTF-8"?>
<attributes>
    <attribute id="0">
        <name>customerName</name>
        <type>String</type>
    </attribute>
    
    <attribute id="1">
        <name>orderId</name>
        <type>Integer</type>
    </attribute>

    <attribute id="2">
        <name>orderItemTitle</name>
        <type>String</type>
    </attribute>
    
    <attribute id="3">
        <name>orderItemPrice</name>
        <type>Double</type>
    </attribute>

    <attribute id="4">
        <name>orderCustomer</name>
        <type>com.medx.proxy.test.model.Customer</type>
    </attribute>
    
    <attribute id="5">
        <name>orderItems</name>
        <type>java.util.List&lt;com.medx.proxy.test.model.OrderItem&gt;</type>
    </attribute>
</attributes>
